[{"line":2,"elements":[{"start_timestamp":"2023-06-09T14:22:36.568Z","line":4,"name":"Kullanici ve Url Testi","description":"","id":"us014-class-work;kullanici-ve-url-testi","after":[{"result":{"error_message":"org.openqa.selenium.remote.http.ConnectionFailedException: Unable to establish websocket connection to http://localhost:55261/devtools/browser/3769eeb9-bb3a-4cb0-9e5e-b5cd981c4ba9\nBuild info: version: '4.1.3', revision: '7b1ebf28ef'\nSystem info: host: 'SERIFE', ip: '192.168.1.8', os.name: 'Windows 11', os.arch: 'amd64', os.version: '10.0', java.version: '11.0.15'\nDriver info: driver.version: Driver\r\n\tat org.openqa.selenium.remote.http.netty.NettyWebSocket.<init>(NettyWebSocket.java:104)\r\n\tat org.openqa.selenium.remote.http.netty.NettyWebSocket.lambda$create$3(NettyWebSocket.java:137)\r\n\tat org.openqa.selenium.remote.http.netty.NettyClient.openSocket(NettyClient.java:132)\r\n\tat org.openqa.selenium.devtools.Connection.<init>(Connection.java:77)\r\n\tat org.openqa.selenium.chromium.ChromiumDriver.lambda$new$2(ChromiumDriver.java:124)\r\n\tat java.base/java.util.Optional.map(Optional.java:265)\r\n\tat org.openqa.selenium.chromium.ChromiumDriver.<init>(ChromiumDriver.java:122)\r\n\tat org.openqa.selenium.chrome.ChromeDriver.<init>(ChromeDriver.java:106)\r\n\tat org.openqa.selenium.chrome.ChromeDriver.<init>(ChromeDriver.java:93)\r\n\tat org.openqa.selenium.chrome.ChromeDriver.<init>(ChromeDriver.java:48)\r\n\tat utulities.Driver.getDriver(Driver.java:36)\r\n\tat stepDefinitions.Hooks.tearDown(Hooks.java:14)\r\n","duration":1228540300,"status":"failed"},"match":{"location":"stepDefinitions.Hooks.tearDown(io.cucumber.java.Scenario)"}}],"type":"scenario","keyword":"Scenario","steps":[{"result":{"error_message":"io.cucumber.core.exception.CucumberException: Failed to instantiate class stepDefinitions.DataTableStepDefinition\r\n\tat io.cucumber.core.backend.DefaultObjectFactory.cacheNewInstance(DefaultObjectFactory.java:67)\r\n\tat io.cucumber.core.backend.DefaultObjectFactory.getInstance(DefaultObjectFactory.java:45)\r\n\tat io.cucumber.java.AbstractGlueDefinition.invokeMethod(AbstractGlueDefinition.java:47)\r\n\tat io.cucumber.java.JavaStepDefinition.execute(JavaStepDefinition.java:29)\r\n\tat io.cucumber.core.runner.CoreStepDefinition.execute(CoreStepDefinition.java:66)\r\n\tat io.cucumber.core.runner.PickleStepDefinitionMatch.runStep(PickleStepDefinitionMatch.java:63)\r\n\tat io.cucumber.core.runner.ExecutionMode$1.execute(ExecutionMode.java:10)\r\n\tat io.cucumber.core.runner.TestStep.executeStep(TestStep.java:86)\r\n\tat io.cucumber.core.runner.TestStep.run(TestStep.java:57)\r\n\tat io.cucumber.core.runner.PickleStepTestStep.run(PickleStepTestStep.java:51)\r\n\tat io.cucumber.core.runner.TestCase.run(TestCase.java:95)\r\n\tat io.cucumber.core.runner.Runner.runPickle(Runner.java:75)\r\n\tat io.cucumber.junit.PickleRunners$NoStepDescriptions.lambda$run$0(PickleRunners.java:151)\r\n\tat io.cucumber.core.runtime.CucumberExecutionContext.lambda$runTestCase$3(CucumberExecutionContext.java:151)\r\n\tat io.cucumber.core.runtime.RethrowingThrowableCollector.executeAndThrow(RethrowingThrowableCollector.java:23)\r\n\tat io.cucumber.core.runtime.CucumberExecutionContext.runTestCase(CucumberExecutionContext.java:151)\r\n\tat io.cucumber.junit.PickleRunners$NoStepDescriptions.run(PickleRunners.java:148)\r\n\tat io.cucumber.junit.FeatureRunner.runChild(FeatureRunner.java:144)\r\n\tat io.cucumber.junit.FeatureRunner.runChild(FeatureRunner.java:28)\r\n\tat org.junit.runners.ParentRunner$4.run(ParentRunner.java:331)\r\n\tat org.junit.runners.ParentRunner$1.schedule(ParentRunner.java:79)\r\n\tat org.junit.runners.ParentRunner.runChildren(ParentRunner.java:329)\r\n\tat org.junit.runners.ParentRunner.access$100(ParentRunner.java:66)\r\n\tat org.junit.runners.ParentRunner$2.evaluate(ParentRunner.java:293)\r\n\tat org.junit.runners.ParentRunner$3.evaluate(ParentRunner.java:306)\r\n\tat org.junit.runners.ParentRunner.run(ParentRunner.java:413)\r\n\tat io.cucumber.junit.FeatureRunner.run(FeatureRunner.java:137)\r\n\tat io.cucumber.junit.Cucumber.runChild(Cucumber.java:196)\r\n\tat io.cucumber.junit.Cucumber.runChild(Cucumber.java:89)\r\n\tat org.junit.runners.ParentRunner$4.run(ParentRunner.java:331)\r\n\tat org.junit.runners.ParentRunner$1.schedule(ParentRunner.java:79)\r\n\tat org.junit.runners.ParentRunner.runChildren(ParentRunner.java:329)\r\n\tat org.junit.runners.ParentRunner.access$100(ParentRunner.java:66)\r\n\tat org.junit.runners.ParentRunner$2.evaluate(ParentRunner.java:293)\r\n\tat io.cucumber.junit.Cucumber$RunBeforeAllHooks.evaluate(Cucumber.java:266)\r\n\tat io.cucumber.junit.Cucumber$RunAfterAllHooks.evaluate(Cucumber.java:281)\r\n\tat io.cucumber.junit.Cucumber$StartTestRun.evaluate(Cucumber.java:233)\r\n\tat io.cucumber.junit.Cucumber$FinishTestRun.evaluate(Cucumber.java:248)\r\n\tat org.junit.runners.ParentRunner$3.evaluate(ParentRunner.java:306)\r\n\tat org.junit.runners.ParentRunner.run(ParentRunner.java:413)\r\n\tat org.junit.runner.JUnitCore.run(JUnitCore.java:137)\r\n\tat com.intellij.junit4.JUnit4IdeaTestRunner.startRunnerWithArgs(JUnit4IdeaTestRunner.java:69)\r\n\tat com.intellij.rt.junit.IdeaTestRunner$Repeater$1.execute(IdeaTestRunner.java:38)\r\n\tat com.intellij.rt.execution.junit.TestsRepeater.repeat(TestsRepeater.java:11)\r\n\tat com.intellij.rt.junit.IdeaTestRunner$Repeater.startRunnerWithArgs(IdeaTestRunner.java:35)\r\n\tat com.intellij.rt.junit.JUnitStarter.prepareStreamsAndStart(JUnitStarter.java:235)\r\n\tat com.intellij.rt.junit.JUnitStarter.main(JUnitStarter.java:54)\r\nCaused by: java.lang.reflect.InvocationTargetException\r\n\tat java.base/jdk.internal.reflect.NativeConstructorAccessorImpl.newInstance0(Native Method)\r\n\tat java.base/jdk.internal.reflect.NativeConstructorAccessorImpl.newInstance(NativeConstructorAccessorImpl.java:62)\r\n\tat java.base/jdk.internal.reflect.DelegatingConstructorAccessorImpl.newInstance(DelegatingConstructorAccessorImpl.java:45)\r\n\tat java.base/java.lang.reflect.Constructor.newInstance(Constructor.java:490)\r\n\tat io.cucumber.core.backend.DefaultObjectFactory.cacheNewInstance(DefaultObjectFactory.java:53)\r\n\t... 46 more\r\nCaused by: org.openqa.selenium.remote.http.ConnectionFailedException: Unable to establish websocket connection to http://localhost:55245/devtools/browser/40671fac-ad1a-4567-bc46-d58909561833\nBuild info: version: '4.1.3', revision: '7b1ebf28ef'\nSystem info: host: 'SERIFE', ip: '192.168.1.8', os.name: 'Windows 11', os.arch: 'amd64', os.version: '10.0', java.version: '11.0.15'\nDriver info: driver.version: Driver\r\n\tat org.openqa.selenium.remote.http.netty.NettyWebSocket.<init>(NettyWebSocket.java:104)\r\n\tat org.openqa.selenium.remote.http.netty.NettyWebSocket.lambda$create$3(NettyWebSocket.java:137)\r\n\tat org.openqa.selenium.remote.http.netty.NettyClient.openSocket(NettyClient.java:132)\r\n\tat org.openqa.selenium.devtools.Connection.<init>(Connection.java:77)\r\n\tat org.openqa.selenium.chromium.ChromiumDriver.lambda$new$2(ChromiumDriver.java:124)\r\n\tat java.base/java.util.Optional.map(Optional.java:265)\r\n\tat org.openqa.selenium.chromium.ChromiumDriver.<init>(ChromiumDriver.java:122)\r\n\tat org.openqa.selenium.chrome.ChromeDriver.<init>(ChromeDriver.java:106)\r\n\tat org.openqa.selenium.chrome.ChromeDriver.<init>(ChromeDriver.java:93)\r\n\tat org.openqa.selenium.chrome.ChromeDriver.<init>(ChromeDriver.java:48)\r\n\tat utulities.Driver.getDriver(Driver.java:36)\r\n\tat pages.DataBasePage.<init>(DataBasePage.java:10)\r\n\tat stepDefinitions.DataTableStepDefinition.<init>(DataTableStepDefinition.java:15)\r\n\t... 51 more\r\n","duration":2691617500,"status":"failed"},"line":5,"name":"kullanici \"webUrl\" anasayfasinda","match":{"arguments":[{"val":"\"webUrl\"","offset":10}],"location":"stepDefinitions.DataTableStepDefinition.kullaniciAnasayfasinda(java.lang.String)"},"keyword":"Given "},{"result":{"status":"skipped"},"line":6,"name":"kullanici 3 saniye bekler","match":{"arguments":[{"val":"3","offset":10}],"location":"stepDefinitions.AmazonStepDefinition.kullaniciSaniyeBekler(int)"},"keyword":"When "},{"result":{"status":"skipped"},"line":7,"name":"kullanici Login Portala kadar asagi iner","match":{"location":"stepDefinitions.WebDriverStepDefinition.kullaniciLoginPortalaKadarAsagiIner()"},"keyword":"Then "},{"result":{"status":"skipped"},"line":8,"name":"kullanici 3 saniye bekler","match":{"arguments":[{"val":"3","offset":10}],"location":"stepDefinitions.AmazonStepDefinition.kullaniciSaniyeBekler(int)"},"keyword":"When "},{"result":{"duration":6029100,"status":"skipped"},"line":9,"name":"kullanici Login Portala tiklar","match":{"location":"stepDefinitions.WebDriverStepDefinition.kullaniciLoginPortalaTiklar()"},"keyword":"And "},{"result":{"status":"skipped"},"line":10,"name":"kullanici 3 saniye bekler","match":{"arguments":[{"val":"3","offset":10}],"location":"stepDefinitions.AmazonStepDefinition.kullaniciSaniyeBekler(int)"},"keyword":"When "},{"result":{"status":"skipped"},"line":11,"name":"kullanici diger windowa gecer","match":{"location":"stepDefinitions.WebDriverStepDefinition.kullaniciDigerWindowaGecer()"},"keyword":"And "},{"result":{"status":"skipped"},"line":12,"name":"kullanici 3 saniye bekler","match":{"arguments":[{"val":"3","offset":10}],"location":"stepDefinitions.AmazonStepDefinition.kullaniciSaniyeBekler(int)"},"keyword":"When "},{"result":{"status":"skipped"},"line":13,"name":"kullanici \"username\" kutusuna bilgileri girer","match":{"arguments":[{"val":"\"username\"","offset":10}],"location":"stepDefinitions.WebDriverStepDefinition.kullaniciKutusunaBilgileriGirer(java.lang.String)"},"keyword":"And "},{"result":{"status":"skipped"},"line":14,"name":"kullanici 3 saniye bekler","match":{"arguments":[{"val":"3","offset":10}],"location":"stepDefinitions.AmazonStepDefinition.kullaniciSaniyeBekler(int)"},"keyword":"When "},{"result":{"status":"skipped"},"line":15,"name":"kullanici \"password\" bolumune bilgileri girer","match":{"arguments":[{"val":"\"password\"","offset":10}],"location":"stepDefinitions.WebDriverStepDefinition.kullaniciBolumuneBilgileriGirer(java.lang.String)"},"keyword":"And "},{"result":{"status":"skipped"},"line":16,"name":"kullanici 3 saniye bekler","match":{"arguments":[{"val":"3","offset":10}],"location":"stepDefinitions.AmazonStepDefinition.kullaniciSaniyeBekler(int)"},"keyword":"When "},{"result":{"status":"skipped"},"line":17,"name":"kullanici login butonuna basar","match":{"location":"stepDefinitions.WebDriverStepDefinition.kullaniciLoginButonunaBasar()"},"keyword":"And "},{"result":{"status":"skipped"},"line":18,"name":"kullanici 3 saniye bekler","match":{"arguments":[{"val":"3","offset":10}],"location":"stepDefinitions.AmazonStepDefinition.kullaniciSaniyeBekler(int)"},"keyword":"When "},{"result":{"status":"skipped"},"line":19,"name":"kullanici Popup'ta cikan yazinin validation failed oldugunu test eder","match":{"location":"stepDefinitions.WebDriverStepDefinition.kullaniciPopupTaCikanYazininValidationFailedOldugunuTestEder()"},"keyword":"And "},{"result":{"status":"skipped"},"line":20,"name":"kullanici 3 saniye bekler","match":{"arguments":[{"val":"3","offset":10}],"location":"stepDefinitions.AmazonStepDefinition.kullaniciSaniyeBekler(int)"},"keyword":"When "},{"result":{"status":"skipped"},"line":21,"name":"kullanici Ok diyerek Popup'i kapatir","match":{"location":"stepDefinitions.WebDriverStepDefinition.kullaniciOkDiyerekPopupIKapatir()"},"keyword":"And "},{"result":{"status":"skipped"},"line":22,"name":"kullanici 3 saniye bekler","match":{"arguments":[{"val":"3","offset":10}],"location":"stepDefinitions.AmazonStepDefinition.kullaniciSaniyeBekler(int)"},"keyword":"When "},{"result":{"status":"skipped"},"line":23,"name":"kullanici ilk sayfaya geri doner","match":{"location":"stepDefinitions.WebDriverStepDefinition.kullaniciIlkSayfayaGeriDoner()"},"keyword":"And "},{"result":{"status":"skipped"},"line":24,"name":"kullanici 3 saniye bekler","match":{"arguments":[{"val":"3","offset":10}],"location":"stepDefinitions.AmazonStepDefinition.kullaniciSaniyeBekler(int)"},"keyword":"When "},{"result":{"status":"skipped"},"line":25,"name":"kullanici ilk sayfaya donuldugunu test eder","match":{"location":"stepDefinitions.WebDriverStepDefinition.kullaniciIlkSayfayaDonuldugunuTestEder()"},"keyword":"And "},{"result":{"status":"skipped"},"line":26,"name":"kullanici 3 saniye bekler","match":{"arguments":[{"val":"3","offset":10}],"location":"stepDefinitions.AmazonStepDefinition.kullaniciSaniyeBekler(int)"},"keyword":"When "},{"result":{"status":"skipped"},"line":27,"name":"sayfayi kapatir","match":{"location":"stepDefinitions.AmazonStepDefinition.sayfayiKapatir()"},"keyword":"And "}],"tags":[{"name":"@web"}]}],"name":"US014 Class Work","description":"","id":"us014-class-work","keyword":"Feature","uri":"file:src/test/resources/features/US014_ClassWork2.feature","tags":[{"name":"@web","type":"Tag","location":{"line":1,"column":1}}]}]